VDW_RAD  BAX01  C1    1.91
VDW_EPS  BAX01  C1    0.11
VDW_RAD  BAX01  C2    1.91
VDW_EPS  BAX01  C2    0.11
VDW_RAD  BAX01  C3    1.91
VDW_EPS  BAX01  C3    0.11
VDW_RAD  BAX01  C4    1.91
VDW_EPS  BAX01  C4    0.11
VDW_RAD  BAX01  C13   1.91
VDW_EPS  BAX01  C13   0.11
VDW_RAD  BAX01  C16   1.91
VDW_EPS  BAX01  C16   0.11
VDW_RAD  BAX01  C17   1.91
VDW_EPS  BAX01  C17   0.11
VDW_RAD  BAX01  C18   1.91
VDW_EPS  BAX01  C18   0.11
VDW_RAD  BAX01  C19   1.91
VDW_EPS  BAX01  C19   0.11
VDW_RAD  BAX01  C20   1.91
VDW_EPS  BAX01  C20   0.11
VDW_RAD  BAX01  C21   1.91
VDW_EPS  BAX01  C21   0.11
VDW_RAD  BAX01  O22   1.66
VDW_EPS  BAX01  O22   0.21
VDW_RAD  BAX01  C24   1.91
VDW_EPS  BAX01  C24   0.11
VDW_RAD  BAX01  C25   1.91
VDW_EPS  BAX01  C25   0.11
VDW_RAD  BAX01  C27   1.91
VDW_EPS  BAX01  C27   0.11
VDW_RAD  BAX01  C28   1.91
VDW_EPS  BAX01  C28   0.11
VDW_RAD  BAX01  N30   1.82
VDW_EPS  BAX01  N30   0.17
VDW_RAD  BAX01  C31   1.91
VDW_EPS  BAX01  C31   0.11
VDW_RAD  BAX01  C5    1.91
VDW_EPS  BAX01  C5    0.11
VDW_RAD  BAX01  C6    1.91
VDW_EPS  BAX01  C6    0.11
VDW_RAD  BAX01  C7    1.91
VDW_EPS  BAX01  C7    0.11
VDW_RAD  BAX01  F8    1.91
VDW_EPS  BAX01  F8    0.11
VDW_RAD  BAX01  F9    1.91
VDW_EPS  BAX01  F9    0.11
VDW_RAD  BAX01  F10   1.91
VDW_EPS  BAX01  F10   0.11
VDW_RAD  BAX01 CL11   1.91
VDW_EPS  BAX01 CL11   0.11
VDW_RAD  BAX01  N12   1.82
VDW_EPS  BAX01  N12   0.17
VDW_RAD  BAX01  N14   1.82
VDW_EPS  BAX01  N14   0.17
VDW_RAD  BAX01  O15   1.66
VDW_EPS  BAX01  O15   0.21
VDW_RAD  BAX01  C23   1.91
VDW_EPS  BAX01  C23   0.11
VDW_RAD  BAX01  N26   1.82
VDW_EPS  BAX01  N26   0.17
VDW_RAD  BAX01  C29   1.91
VDW_EPS  BAX01  C29   0.11
VDW_RAD  BAX01  O32   1.66
VDW_EPS  BAX01  O32   0.21
VDW_RAD  BAX01   H1   1.91
VDW_EPS  BAX01   H1   0.11
VDW_RAD  BAX01   H3   1.91
VDW_EPS  BAX01   H3   0.11
VDW_RAD  BAX01   H4   1.91
VDW_EPS  BAX01   H4   0.11
VDW_RAD  BAX01  H17   1.49
VDW_EPS  BAX01  H17   0.02
VDW_RAD  BAX01  H18   1.49
VDW_EPS  BAX01  H18   0.02
VDW_RAD  BAX01  H20   1.49
VDW_EPS  BAX01  H20   0.02
VDW_RAD  BAX01  H21   1.49
VDW_EPS  BAX01  H21   0.02
VDW_RAD  BAX01  H24   1.49
VDW_EPS  BAX01  H24   0.02
VDW_RAD  BAX01  H25   1.49
VDW_EPS  BAX01  H25   0.02
VDW_RAD  BAX01  H28   1.49
VDW_EPS  BAX01  H28   0.02
VDW_RAD  BAX01  H30   1.49
VDW_EPS  BAX01  H30   0.02
VDW_RAD  BAX01 H311   1.91
VDW_EPS  BAX01 H311   0.11
VDW_RAD  BAX01 H312   1.91
VDW_EPS  BAX01 H312   0.11
VDW_RAD  BAX01 H313   1.91
VDW_EPS  BAX01 H313   0.11
VDW_RAD  BAX01  H12   1.49
VDW_EPS  BAX01  H12   0.02
VDW_RAD  BAX01  H14   1.49
VDW_EPS  BAX01  H14   0.02
VDW_RAD  BAX+1  C1    1.91
VDW_EPS  BAX+1  C1    0.11
VDW_RAD  BAX+1  C2    1.91
VDW_EPS  BAX+1  C2    0.11
VDW_RAD  BAX+1  C3    1.91
VDW_EPS  BAX+1  C3    0.11
VDW_RAD  BAX+1  C4    1.91
VDW_EPS  BAX+1  C4    0.11
VDW_RAD  BAX+1  C13   1.91
VDW_EPS  BAX+1  C13   0.11
VDW_RAD  BAX+1  C16   1.91
VDW_EPS  BAX+1  C16   0.11
VDW_RAD  BAX+1  C17   1.91
VDW_EPS  BAX+1  C17   0.11
VDW_RAD  BAX+1  C18   1.91
VDW_EPS  BAX+1  C18   0.11
VDW_RAD  BAX+1  C19   1.91
VDW_EPS  BAX+1  C19   0.11
VDW_RAD  BAX+1  C20   1.91
VDW_EPS  BAX+1  C20   0.11
VDW_RAD  BAX+1  C21   1.91
VDW_EPS  BAX+1  C21   0.11
VDW_RAD  BAX+1  O22   1.66
VDW_EPS  BAX+1  O22   0.21
VDW_RAD  BAX+1  C24   1.91
VDW_EPS  BAX+1  C24   0.11
VDW_RAD  BAX+1  C25   1.91
VDW_EPS  BAX+1  C25   0.11
VDW_RAD  BAX+1  C27   1.91
VDW_EPS  BAX+1  C27   0.11
VDW_RAD  BAX+1  C28   1.91
VDW_EPS  BAX+1  C28   0.11
VDW_RAD  BAX+1  N30   1.82
VDW_EPS  BAX+1  N30   0.17
VDW_RAD  BAX+1  C31   1.91
VDW_EPS  BAX+1  C31   0.11
VDW_RAD  BAX+1  C5    1.91
VDW_EPS  BAX+1  C5    0.11
VDW_RAD  BAX+1  C6    1.91
VDW_EPS  BAX+1  C6    0.11
VDW_RAD  BAX+1  C7    1.91
VDW_EPS  BAX+1  C7    0.11
VDW_RAD  BAX+1  F8    1.91
VDW_EPS  BAX+1  F8    0.11
VDW_RAD  BAX+1  F9    1.91
VDW_EPS  BAX+1  F9    0.11
VDW_RAD  BAX+1  F10   1.91
VDW_EPS  BAX+1  F10   0.11
VDW_RAD  BAX+1 CL11   1.91
VDW_EPS  BAX+1 CL11   0.11
VDW_RAD  BAX+1  N12   1.82
VDW_EPS  BAX+1  N12   0.17
VDW_RAD  BAX+1  N14   1.82
VDW_EPS  BAX+1  N14   0.17
VDW_RAD  BAX+1  O15   1.66
VDW_EPS  BAX+1  O15   0.21
VDW_RAD  BAX+1  C23   1.91
VDW_EPS  BAX+1  C23   0.11
VDW_RAD  BAX+1  N26   1.82
VDW_EPS  BAX+1  N26   0.17
VDW_RAD  BAX+1  C29   1.91
VDW_EPS  BAX+1  C29   0.11
VDW_RAD  BAX+1  O32   1.66
VDW_EPS  BAX+1  O32   0.21
VDW_RAD  BAX+1   H1   1.91
VDW_EPS  BAX+1   H1   0.11
VDW_RAD  BAX+1   H3   1.91
VDW_EPS  BAX+1   H3   0.11
VDW_RAD  BAX+1   H4   1.91
VDW_EPS  BAX+1   H4   0.11
VDW_RAD  BAX+1  H17   1.49
VDW_EPS  BAX+1  H17   0.02
VDW_RAD  BAX+1  H18   1.49
VDW_EPS  BAX+1  H18   0.02
VDW_RAD  BAX+1  H20   1.49
VDW_EPS  BAX+1  H20   0.02
VDW_RAD  BAX+1  H21   1.49
VDW_EPS  BAX+1  H21   0.02
VDW_RAD  BAX+1  H24   1.49
VDW_EPS  BAX+1  H24   0.02
VDW_RAD  BAX+1  H25   1.49
VDW_EPS  BAX+1  H25   0.02
VDW_RAD  BAX+1  H28   1.49
VDW_EPS  BAX+1  H28   0.02
VDW_RAD  BAX+1  H30   1.49
VDW_EPS  BAX+1  H30   0.02
VDW_RAD  BAX+1 H311   1.91
VDW_EPS  BAX+1 H311   0.11
VDW_RAD  BAX+1 H312   1.91
VDW_EPS  BAX+1 H312   0.11
VDW_RAD  BAX+1 H313   1.91
VDW_EPS  BAX+1 H313   0.11
VDW_RAD  BAX+1  H12   1.49
VDW_EPS  BAX+1  H12   0.02
VDW_RAD  BAX+1  H14   1.49
VDW_EPS  BAX+1  H14   0.02
VDW_RAD  BAX+1  H49   1.49
VDW_EPS  BAX+1  H49   0.02
VDW_RAD  BAX02  C1    1.91
VDW_EPS  BAX02  C1    0.11
VDW_RAD  BAX02  C2    1.91
VDW_EPS  BAX02  C2    0.11
VDW_RAD  BAX02  C3    1.91
VDW_EPS  BAX02  C3    0.11
VDW_RAD  BAX02  C4    1.91
VDW_EPS  BAX02  C4    0.11
VDW_RAD  BAX02  C13   1.91
VDW_EPS  BAX02  C13   0.11
VDW_RAD  BAX02  C16   1.91
VDW_EPS  BAX02  C16   0.11
VDW_RAD  BAX02  C17   1.91
VDW_EPS  BAX02  C17   0.11
VDW_RAD  BAX02  C18   1.91
VDW_EPS  BAX02  C18   0.11
VDW_RAD  BAX02  C19   1.91
VDW_EPS  BAX02  C19   0.11
VDW_RAD  BAX02  C20   1.91
VDW_EPS  BAX02  C20   0.11
VDW_RAD  BAX02  C21   1.91
VDW_EPS  BAX02  C21   0.11
VDW_RAD  BAX02  O22   1.66
VDW_EPS  BAX02  O22   0.21
VDW_RAD  BAX02  C24   1.91
VDW_EPS  BAX02  C24   0.11
VDW_RAD  BAX02  C25   1.91
VDW_EPS  BAX02  C25   0.11
VDW_RAD  BAX02  C27   1.91
VDW_EPS  BAX02  C27   0.11
VDW_RAD  BAX02  C28   1.91
VDW_EPS  BAX02  C28   0.11
VDW_RAD  BAX02  N30   1.82
VDW_EPS  BAX02  N30   0.17
VDW_RAD  BAX02  C31   1.91
VDW_EPS  BAX02  C31   0.11
VDW_RAD  BAX02  C5    1.91
VDW_EPS  BAX02  C5    0.11
VDW_RAD  BAX02  C6    1.91
VDW_EPS  BAX02  C6    0.11
VDW_RAD  BAX02  C7    1.91
VDW_EPS  BAX02  C7    0.11
VDW_RAD  BAX02  F8    1.91
VDW_EPS  BAX02  F8    0.11
VDW_RAD  BAX02  F9    1.91
VDW_EPS  BAX02  F9    0.11
VDW_RAD  BAX02  F10   1.91
VDW_EPS  BAX02  F10   0.11
VDW_RAD  BAX02 CL11   1.91
VDW_EPS  BAX02 CL11   0.11
VDW_RAD  BAX02  N12   1.82
VDW_EPS  BAX02  N12   0.17
VDW_RAD  BAX02  N14   1.82
VDW_EPS  BAX02  N14   0.17
VDW_RAD  BAX02  O15   1.66
VDW_EPS  BAX02  O15   0.21
VDW_RAD  BAX02  C23   1.91
VDW_EPS  BAX02  C23   0.11
VDW_RAD  BAX02  N26   1.82
VDW_EPS  BAX02  N26   0.17
VDW_RAD  BAX02  C29   1.91
VDW_EPS  BAX02  C29   0.11
VDW_RAD  BAX02  O32   1.66
VDW_EPS  BAX02  O32   0.21
VDW_RAD  BAX02   H1   1.91
VDW_EPS  BAX02   H1   0.11
VDW_RAD  BAX02   H3   1.91
VDW_EPS  BAX02   H3   0.11
VDW_RAD  BAX02   H4   1.91
VDW_EPS  BAX02   H4   0.11
VDW_RAD  BAX02  H17   1.49
VDW_EPS  BAX02  H17   0.02
VDW_RAD  BAX02  H18   1.49
VDW_EPS  BAX02  H18   0.02
VDW_RAD  BAX02  H20   1.49
VDW_EPS  BAX02  H20   0.02
VDW_RAD  BAX02  H21   1.49
VDW_EPS  BAX02  H21   0.02
VDW_RAD  BAX02  H24   1.49
VDW_EPS  BAX02  H24   0.02
VDW_RAD  BAX02  H25   1.49
VDW_EPS  BAX02  H25   0.02
VDW_RAD  BAX02  H28   1.49
VDW_EPS  BAX02  H28   0.02
VDW_RAD  BAX02 H311   1.91
VDW_EPS  BAX02 H311   0.11
VDW_RAD  BAX02 H312   1.91
VDW_EPS  BAX02 H312   0.11
VDW_RAD  BAX02 H313   1.91
VDW_EPS  BAX02 H313   0.11
VDW_RAD  BAX02  H12   1.49
VDW_EPS  BAX02  H12   0.02
VDW_RAD  BAX02  H14   1.49
VDW_EPS  BAX02  H14   0.02
VDW_RAD  BAX02  H48   1.49
VDW_EPS  BAX02  H48   0.02
VDW_RAD  BAX-1  C1    1.91
VDW_EPS  BAX-1  C1    0.11
VDW_RAD  BAX-1  C2    1.91
VDW_EPS  BAX-1  C2    0.11
VDW_RAD  BAX-1  C3    1.91
VDW_EPS  BAX-1  C3    0.11
VDW_RAD  BAX-1  C4    1.91
VDW_EPS  BAX-1  C4    0.11
VDW_RAD  BAX-1  C13   1.91
VDW_EPS  BAX-1  C13   0.11
VDW_RAD  BAX-1  C16   1.91
VDW_EPS  BAX-1  C16   0.11
VDW_RAD  BAX-1  C17   1.91
VDW_EPS  BAX-1  C17   0.11
VDW_RAD  BAX-1  C18   1.91
VDW_EPS  BAX-1  C18   0.11
VDW_RAD  BAX-1  C19   1.91
VDW_EPS  BAX-1  C19   0.11
VDW_RAD  BAX-1  C20   1.91
VDW_EPS  BAX-1  C20   0.11
VDW_RAD  BAX-1  C21   1.91
VDW_EPS  BAX-1  C21   0.11
VDW_RAD  BAX-1  O22   1.66
VDW_EPS  BAX-1  O22   0.21
VDW_RAD  BAX-1  C24   1.91
VDW_EPS  BAX-1  C24   0.11
VDW_RAD  BAX-1  C25   1.91
VDW_EPS  BAX-1  C25   0.11
VDW_RAD  BAX-1  C27   1.91
VDW_EPS  BAX-1  C27   0.11
VDW_RAD  BAX-1  C28   1.91
VDW_EPS  BAX-1  C28   0.11
VDW_RAD  BAX-1  N30   1.82
VDW_EPS  BAX-1  N30   0.17
VDW_RAD  BAX-1  C31   1.91
VDW_EPS  BAX-1  C31   0.11
VDW_RAD  BAX-1  C5    1.91
VDW_EPS  BAX-1  C5    0.11
VDW_RAD  BAX-1  C6    1.91
VDW_EPS  BAX-1  C6    0.11
VDW_RAD  BAX-1  C7    1.91
VDW_EPS  BAX-1  C7    0.11
VDW_RAD  BAX-1  F8    1.91
VDW_EPS  BAX-1  F8    0.11
VDW_RAD  BAX-1  F9    1.91
VDW_EPS  BAX-1  F9    0.11
VDW_RAD  BAX-1  F10   1.91
VDW_EPS  BAX-1  F10   0.11
VDW_RAD  BAX-1 CL11   1.91
VDW_EPS  BAX-1 CL11   0.11
VDW_RAD  BAX-1  N12   1.82
VDW_EPS  BAX-1  N12   0.17
VDW_RAD  BAX-1  N14   1.82
VDW_EPS  BAX-1  N14   0.17
VDW_RAD  BAX-1  O15   1.66
VDW_EPS  BAX-1  O15   0.21
VDW_RAD  BAX-1  C23   1.91
VDW_EPS  BAX-1  C23   0.11
VDW_RAD  BAX-1  N26   1.82
VDW_EPS  BAX-1  N26   0.17
VDW_RAD  BAX-1  C29   1.91
VDW_EPS  BAX-1  C29   0.11
VDW_RAD  BAX-1  O32   1.66
VDW_EPS  BAX-1  O32   0.21
VDW_RAD  BAX-1   H1   1.91
VDW_EPS  BAX-1   H1   0.11
VDW_RAD  BAX-1   H3   1.91
VDW_EPS  BAX-1   H3   0.11
VDW_RAD  BAX-1   H4   1.91
VDW_EPS  BAX-1   H4   0.11
VDW_RAD  BAX-1  H17   1.49
VDW_EPS  BAX-1  H17   0.02
VDW_RAD  BAX-1  H18   1.49
VDW_EPS  BAX-1  H18   0.02
VDW_RAD  BAX-1  H20   1.49
VDW_EPS  BAX-1  H20   0.02
VDW_RAD  BAX-1  H21   1.49
VDW_EPS  BAX-1  H21   0.02
VDW_RAD  BAX-1  H24   1.49
VDW_EPS  BAX-1  H24   0.02
VDW_RAD  BAX-1  H25   1.49
VDW_EPS  BAX-1  H25   0.02
VDW_RAD  BAX-1  H28   1.49
VDW_EPS  BAX-1  H28   0.02
VDW_RAD  BAX-1 H311   1.91
VDW_EPS  BAX-1 H311   0.11
VDW_RAD  BAX-1 H312   1.91
VDW_EPS  BAX-1 H312   0.11
VDW_RAD  BAX-1 H313   1.91
VDW_EPS  BAX-1 H313   0.11
VDW_RAD  BAX-1  H12   1.49
VDW_EPS  BAX-1  H12   0.02
VDW_RAD  BAX-1  H14   1.49
VDW_EPS  BAX-1  H14   0.02
