VDW_RAD  LQQ+1  O01   1.66
VDW_EPS  LQQ+1  O01   0.21
VDW_RAD  LQQ+1  C02   1.91
VDW_EPS  LQQ+1  C02   0.11
VDW_RAD  LQQ+1  C01   1.91
VDW_EPS  LQQ+1  C01   0.11
VDW_RAD  LQQ+1  C03   1.91
VDW_EPS  LQQ+1  C03   0.11
VDW_RAD  LQQ+1  C04   1.91
VDW_EPS  LQQ+1  C04   0.11
VDW_RAD  LQQ+1  C05   1.91
VDW_EPS  LQQ+1  C05   0.11
VDW_RAD  LQQ+1  C06   1.91
VDW_EPS  LQQ+1  C06   0.11
VDW_RAD  LQQ+1  C07   1.91
VDW_EPS  LQQ+1  C07   0.11
VDW_RAD  LQQ+1  N01   1.82
VDW_EPS  LQQ+1  N01   0.17
VDW_RAD  LQQ+1  C08   1.91
VDW_EPS  LQQ+1  C08   0.11
VDW_RAD  LQQ+1  N02   1.82
VDW_EPS  LQQ+1  N02   0.17
VDW_RAD  LQQ+1  C09   1.91
VDW_EPS  LQQ+1  C09   0.11
VDW_RAD  LQQ+1  N03   1.82
VDW_EPS  LQQ+1  N03   0.17
VDW_RAD  LQQ+1  C10   1.91
VDW_EPS  LQQ+1  C10   0.11
VDW_RAD  LQQ+1  C11   1.91
VDW_EPS  LQQ+1  C11   0.11
VDW_RAD  LQQ+1  C12   1.91
VDW_EPS  LQQ+1  C12   0.11
VDW_RAD  LQQ+1  C13   1.91
VDW_EPS  LQQ+1  C13   0.11
VDW_RAD  LQQ+1  C14   1.91
VDW_EPS  LQQ+1  C14   0.11
VDW_RAD  LQQ+1  C15   1.91
VDW_EPS  LQQ+1  C15   0.11
VDW_RAD  LQQ+1  O02   1.66
VDW_EPS  LQQ+1  O02   0.21
VDW_RAD  LQQ+1  N04   1.82
VDW_EPS  LQQ+1  N04   0.17
VDW_RAD  LQQ+1  C16   1.91
VDW_EPS  LQQ+1  C16   0.11
VDW_RAD  LQQ+1  N05   1.82
VDW_EPS  LQQ+1  N05   0.17
VDW_RAD  LQQ+1  C17   1.91
VDW_EPS  LQQ+1  C17   0.11
VDW_RAD  LQQ+1  C18   1.91
VDW_EPS  LQQ+1  C18   0.11
VDW_RAD  LQQ+1  C19   1.91
VDW_EPS  LQQ+1  C19   0.11
VDW_RAD  LQQ+1  C20   1.91
VDW_EPS  LQQ+1  C20   0.11
VDW_RAD  LQQ+1  N06   1.82
VDW_EPS  LQQ+1  N06   0.17
VDW_RAD  LQQ+1  C21   1.91
VDW_EPS  LQQ+1  C21   0.11
VDW_RAD  LQQ+1  C22   1.91
VDW_EPS  LQQ+1  C22   0.11
VDW_RAD  LQQ+1  N07   1.82
VDW_EPS  LQQ+1  N07   0.17
VDW_RAD  LQQ+1  C23   1.91
VDW_EPS  LQQ+1  C23   0.11
VDW_RAD  LQQ+1  C24   1.91
VDW_EPS  LQQ+1  C24   0.11
VDW_RAD  LQQ+1 H011   1.91
VDW_EPS  LQQ+1 H011   0.11
VDW_RAD  LQQ+1 H012   1.91
VDW_EPS  LQQ+1 H012   0.11
VDW_RAD  LQQ+1 H013   1.91
VDW_EPS  LQQ+1 H013   0.11
VDW_RAD  LQQ+1 H051   1.91
VDW_EPS  LQQ+1 H051   0.11
VDW_RAD  LQQ+1 H052   1.91
VDW_EPS  LQQ+1 H052   0.11
VDW_RAD  LQQ+1 H053   1.91
VDW_EPS  LQQ+1 H053   0.11
VDW_RAD  LQQ+1   H1   1.91
VDW_EPS  LQQ+1   H1   0.11
VDW_RAD  LQQ+1  H10   1.49
VDW_EPS  LQQ+1  H10   0.02
VDW_RAD  LQQ+1 H111   1.91
VDW_EPS  LQQ+1 H111   0.11
VDW_RAD  LQQ+1 H112   1.91
VDW_EPS  LQQ+1 H112   0.11
VDW_RAD  LQQ+1 H121   1.91
VDW_EPS  LQQ+1 H121   0.11
VDW_RAD  LQQ+1 H122   1.91
VDW_EPS  LQQ+1 H122   0.11
VDW_RAD  LQQ+1 H131   1.91
VDW_EPS  LQQ+1 H131   0.11
VDW_RAD  LQQ+1 H132   1.91
VDW_EPS  LQQ+1 H132   0.11
VDW_RAD  LQQ+1 H141   1.91
VDW_EPS  LQQ+1 H141   0.11
VDW_RAD  LQQ+1 H142   1.91
VDW_EPS  LQQ+1 H142   0.11
VDW_RAD  LQQ+1  H04   1.49
VDW_EPS  LQQ+1  H04   0.02
VDW_RAD  LQQ+1  H17   1.49
VDW_EPS  LQQ+1  H17   0.02
VDW_RAD  LQQ+1  H19   1.49
VDW_EPS  LQQ+1  H19   0.02
VDW_RAD  LQQ+1  H20   1.49
VDW_EPS  LQQ+1  H20   0.02
VDW_RAD  LQQ+1 H211   1.91
VDW_EPS  LQQ+1 H211   0.11
VDW_RAD  LQQ+1 H212   1.91
VDW_EPS  LQQ+1 H212   0.11
VDW_RAD  LQQ+1 H221   1.91
VDW_EPS  LQQ+1 H221   0.11
VDW_RAD  LQQ+1 H222   1.91
VDW_EPS  LQQ+1 H222   0.11
VDW_RAD  LQQ+1  H07   1.49
VDW_EPS  LQQ+1  H07   0.02
VDW_RAD  LQQ+1 H231   1.91
VDW_EPS  LQQ+1 H231   0.11
VDW_RAD  LQQ+1 H232   1.91
VDW_EPS  LQQ+1 H232   0.11
VDW_RAD  LQQ+1 H241   1.91
VDW_EPS  LQQ+1 H241   0.11
VDW_RAD  LQQ+1 H242   1.91
VDW_EPS  LQQ+1 H242   0.11
VDW_RAD  LQQ+1  H63   1.49
VDW_EPS  LQQ+1  H63   0.02
VDW_RAD  LQQ01  O01   1.66
VDW_EPS  LQQ01  O01   0.21
VDW_RAD  LQQ01  C02   1.91
VDW_EPS  LQQ01  C02   0.11
VDW_RAD  LQQ01  C01   1.91
VDW_EPS  LQQ01  C01   0.11
VDW_RAD  LQQ01  C03   1.91
VDW_EPS  LQQ01  C03   0.11
VDW_RAD  LQQ01  C04   1.91
VDW_EPS  LQQ01  C04   0.11
VDW_RAD  LQQ01  C05   1.91
VDW_EPS  LQQ01  C05   0.11
VDW_RAD  LQQ01  C06   1.91
VDW_EPS  LQQ01  C06   0.11
VDW_RAD  LQQ01  C07   1.91
VDW_EPS  LQQ01  C07   0.11
VDW_RAD  LQQ01  N01   1.82
VDW_EPS  LQQ01  N01   0.17
VDW_RAD  LQQ01  C08   1.91
VDW_EPS  LQQ01  C08   0.11
VDW_RAD  LQQ01  N02   1.82
VDW_EPS  LQQ01  N02   0.17
VDW_RAD  LQQ01  C09   1.91
VDW_EPS  LQQ01  C09   0.11
VDW_RAD  LQQ01  N03   1.82
VDW_EPS  LQQ01  N03   0.17
VDW_RAD  LQQ01  C10   1.91
VDW_EPS  LQQ01  C10   0.11
VDW_RAD  LQQ01  C11   1.91
VDW_EPS  LQQ01  C11   0.11
VDW_RAD  LQQ01  C12   1.91
VDW_EPS  LQQ01  C12   0.11
VDW_RAD  LQQ01  C13   1.91
VDW_EPS  LQQ01  C13   0.11
VDW_RAD  LQQ01  C14   1.91
VDW_EPS  LQQ01  C14   0.11
VDW_RAD  LQQ01  C15   1.91
VDW_EPS  LQQ01  C15   0.11
VDW_RAD  LQQ01  O02   1.66
VDW_EPS  LQQ01  O02   0.21
VDW_RAD  LQQ01  N04   1.82
VDW_EPS  LQQ01  N04   0.17
VDW_RAD  LQQ01  C16   1.91
VDW_EPS  LQQ01  C16   0.11
VDW_RAD  LQQ01  N05   1.82
VDW_EPS  LQQ01  N05   0.17
VDW_RAD  LQQ01  C17   1.91
VDW_EPS  LQQ01  C17   0.11
VDW_RAD  LQQ01  C18   1.91
VDW_EPS  LQQ01  C18   0.11
VDW_RAD  LQQ01  C19   1.91
VDW_EPS  LQQ01  C19   0.11
VDW_RAD  LQQ01  C20   1.91
VDW_EPS  LQQ01  C20   0.11
VDW_RAD  LQQ01  N06   1.82
VDW_EPS  LQQ01  N06   0.17
VDW_RAD  LQQ01  C21   1.91
VDW_EPS  LQQ01  C21   0.11
VDW_RAD  LQQ01  C22   1.91
VDW_EPS  LQQ01  C22   0.11
VDW_RAD  LQQ01  N07   1.82
VDW_EPS  LQQ01  N07   0.17
VDW_RAD  LQQ01  C23   1.91
VDW_EPS  LQQ01  C23   0.11
VDW_RAD  LQQ01  C24   1.91
VDW_EPS  LQQ01  C24   0.11
VDW_RAD  LQQ01 H011   1.91
VDW_EPS  LQQ01 H011   0.11
VDW_RAD  LQQ01 H012   1.91
VDW_EPS  LQQ01 H012   0.11
VDW_RAD  LQQ01 H013   1.91
VDW_EPS  LQQ01 H013   0.11
VDW_RAD  LQQ01 H051   1.91
VDW_EPS  LQQ01 H051   0.11
VDW_RAD  LQQ01 H052   1.91
VDW_EPS  LQQ01 H052   0.11
VDW_RAD  LQQ01 H053   1.91
VDW_EPS  LQQ01 H053   0.11
VDW_RAD  LQQ01   H1   1.91
VDW_EPS  LQQ01   H1   0.11
VDW_RAD  LQQ01  H10   1.49
VDW_EPS  LQQ01  H10   0.02
VDW_RAD  LQQ01 H111   1.91
VDW_EPS  LQQ01 H111   0.11
VDW_RAD  LQQ01 H112   1.91
VDW_EPS  LQQ01 H112   0.11
VDW_RAD  LQQ01 H121   1.91
VDW_EPS  LQQ01 H121   0.11
VDW_RAD  LQQ01 H122   1.91
VDW_EPS  LQQ01 H122   0.11
VDW_RAD  LQQ01 H131   1.91
VDW_EPS  LQQ01 H131   0.11
VDW_RAD  LQQ01 H132   1.91
VDW_EPS  LQQ01 H132   0.11
VDW_RAD  LQQ01 H141   1.91
VDW_EPS  LQQ01 H141   0.11
VDW_RAD  LQQ01 H142   1.91
VDW_EPS  LQQ01 H142   0.11
VDW_RAD  LQQ01  H04   1.49
VDW_EPS  LQQ01  H04   0.02
VDW_RAD  LQQ01  H17   1.49
VDW_EPS  LQQ01  H17   0.02
VDW_RAD  LQQ01  H19   1.49
VDW_EPS  LQQ01  H19   0.02
VDW_RAD  LQQ01  H20   1.49
VDW_EPS  LQQ01  H20   0.02
VDW_RAD  LQQ01 H211   1.91
VDW_EPS  LQQ01 H211   0.11
VDW_RAD  LQQ01 H212   1.91
VDW_EPS  LQQ01 H212   0.11
VDW_RAD  LQQ01 H221   1.91
VDW_EPS  LQQ01 H221   0.11
VDW_RAD  LQQ01 H222   1.91
VDW_EPS  LQQ01 H222   0.11
VDW_RAD  LQQ01  H07   1.49
VDW_EPS  LQQ01  H07   0.02
VDW_RAD  LQQ01 H231   1.91
VDW_EPS  LQQ01 H231   0.11
VDW_RAD  LQQ01 H232   1.91
VDW_EPS  LQQ01 H232   0.11
VDW_RAD  LQQ01 H241   1.91
VDW_EPS  LQQ01 H241   0.11
VDW_RAD  LQQ01 H242   1.91
VDW_EPS  LQQ01 H242   0.11
